<?xml version="1.0" encoding="UTF-8"?>
<testng-results skipped="0" failed="0" ignored="0" total="2" passed="2">
  <reporter-output>
  </reporter-output>
  <suite name="Suite" duration-ms="10094" started-at="2021-09-30T10:20:30 EDT" finished-at="2021-09-30T10:20:40 EDT">
    <groups>
      <group name="cucumber">
        <method signature="AbstractTestNGCucumberTests.runScenario(io.cucumber.testng.PickleWrapper,io.cucumber.testng.FeatureWrapper)[pri:0, instance:com.runner.RunnerFileLogin@436e852b]" name="runScenario" class="io.cucumber.testng.AbstractTestNGCucumberTests"/>
      </group> <!-- cucumber -->
    </groups>
    <test name="Test" duration-ms="10094" started-at="2021-09-30T10:20:30 EDT" finished-at="2021-09-30T10:20:40 EDT">
      <class name="com.runner.RunnerFileLogin">
        <test-method status="PASS" signature="setup()[pri:0, instance:com.runner.RunnerFileLogin@436e852b]" name="setup" is-config="true" duration-ms="5" started-at="2021-09-30T10:20:30 EDT" finished-at="2021-09-30T10:20:30 EDT">
          <reporter-output>
          </reporter-output>
        </test-method> <!-- setup -->
        <test-method status="PASS" signature="setUpClass()[pri:0, instance:com.runner.RunnerFileLogin@436e852b]" name="setUpClass" is-config="true" duration-ms="368" started-at="2021-09-30T10:20:30 EDT" finished-at="2021-09-30T10:20:31 EDT">
          <reporter-output>
          </reporter-output>
        </test-method> <!-- setUpClass -->
        <test-method status="PASS" signature="runScenario(io.cucumber.testng.PickleWrapper,io.cucumber.testng.FeatureWrapper)[pri:0, instance:com.runner.RunnerFileLogin@436e852b]" name="runScenario" duration-ms="8184" started-at="2021-09-30T10:20:31 EDT" description="Runs Cucumber Scenarios" data-provider="scenarios" finished-at="2021-09-30T10:20:39 EDT">
          <params>
            <param index="0">
              <value>
                <![CDATA["As a Zoopla user, I can login using valid credentials"]]>
              </value>
            </param>
            <param index="1">
              <value>
                <![CDATA["Optional[Login function testing]"]]>
              </value>
            </param>
          </params>
          <reporter-output>
          </reporter-output>
        </test-method> <!-- runScenario -->
        <test-method status="PASS" signature="tearDownClass()[pri:0, instance:com.runner.RunnerFileLogin@436e852b]" name="tearDownClass" is-config="true" duration-ms="1515" started-at="2021-09-30T10:20:39 EDT" finished-at="2021-09-30T10:20:40 EDT">
          <reporter-output>
          </reporter-output>
        </test-method> <!-- tearDownClass -->
        <test-method status="PASS" signature="loginTest()[pri:0, instance:com.runner.RunnerFileLogin@436e852b]" name="loginTest" duration-ms="0" started-at="2021-09-30T10:20:39 EDT" finished-at="2021-09-30T10:20:39 EDT">
          <reporter-output>
          </reporter-output>
        </test-method> <!-- loginTest -->
        <test-method status="PASS" signature="tearDown()[pri:0, instance:com.runner.RunnerFileLogin@436e852b]" name="tearDown" is-config="true" duration-ms="0" started-at="2021-09-30T10:20:40 EDT" finished-at="2021-09-30T10:20:40 EDT">
          <reporter-output>
          </reporter-output>
        </test-method> <!-- tearDown -->
      </class> <!-- com.runner.RunnerFileLogin -->
    </test> <!-- Test -->
  </suite> <!-- Suite -->
</testng-results>
