<?xml version="1.0" encoding="UTF-8"?>
<testng-results skipped="0" failed="0" ignored="0" total="1" passed="1">
  <reporter-output>
  </reporter-output>
  <suite name="Suite" duration-ms="3515" started-at="2021-10-04T23:29:41 EDT" finished-at="2021-10-04T23:29:45 EDT">
    <groups>
      <group name="cucumber">
        <method signature="AbstractTestNGCucumberTests.runScenario(io.cucumber.testng.PickleWrapper,io.cucumber.testng.FeatureWrapper)[pri:0, instance:com.httpMethods.cucumber.RunnerGetMethod@26a7b76d]" name="runScenario" class="io.cucumber.testng.AbstractTestNGCucumberTests"/>
      </group> <!-- cucumber -->
    </groups>
    <test name="Test" duration-ms="3515" started-at="2021-10-04T23:29:41 EDT" finished-at="2021-10-04T23:29:45 EDT">
      <class name="com.httpMethods.cucumber.RunnerGetMethod">
        <test-method status="PASS" signature="setUpClass()[pri:0, instance:com.httpMethods.cucumber.RunnerGetMethod@26a7b76d]" name="setUpClass" is-config="true" duration-ms="325" started-at="2021-10-04T23:29:41 EDT" finished-at="2021-10-04T23:29:41 EDT">
          <reporter-output>
          </reporter-output>
        </test-method> <!-- setUpClass -->
        <test-method status="PASS" signature="runScenario(io.cucumber.testng.PickleWrapper,io.cucumber.testng.FeatureWrapper)[pri:0, instance:com.httpMethods.cucumber.RunnerGetMethod@26a7b76d]" name="runScenario" duration-ms="1705" started-at="2021-10-04T23:29:41 EDT" description="Runs Cucumber Scenarios" data-provider="scenarios" finished-at="2021-10-04T23:29:43 EDT">
          <params>
            <param index="0">
              <value>
                <![CDATA["As an API user, I'm trying to practice HTTP get method"]]>
              </value>
            </param>
            <param index="1">
              <value>
                <![CDATA["Optional[API Get method testing]"]]>
              </value>
            </param>
          </params>
          <reporter-output>
          </reporter-output>
        </test-method> <!-- runScenario -->
        <test-method status="PASS" signature="tearDownClass()[pri:0, instance:com.httpMethods.cucumber.RunnerGetMethod@26a7b76d]" name="tearDownClass" is-config="true" duration-ms="1463" started-at="2021-10-04T23:29:43 EDT" finished-at="2021-10-04T23:29:45 EDT">
          <reporter-output>
          </reporter-output>
        </test-method> <!-- tearDownClass -->
      </class> <!-- com.httpMethods.cucumber.RunnerGetMethod -->
    </test> <!-- Test -->
  </suite> <!-- Suite -->
</testng-results>
