<?xml version="1.0" encoding="UTF-8"?>
<testng-results ignored="0" total="1" passed="1" failed="0" skipped="0">
  <reporter-output>
  </reporter-output>
  <suite started-at="2021-09-23T10:06:45 EDT" name="Default suite" finished-at="2021-09-23T10:06:53 EDT" duration-ms="7546">
    <groups>
    </groups>
    <test started-at="2021-09-23T10:06:45 EDT" name="Default test" finished-at="2021-09-23T10:06:53 EDT" duration-ms="7546">
      <class name="com.smokeTest.LoginTestExecution">
        <test-method is-config="true" signature="setup()[pri:0, instance:com.smokeTest.LoginTestExecution@7e7be63f]" started-at="2021-09-23T10:06:45 EDT" name="setup" finished-at="2021-09-23T10:06:48 EDT" duration-ms="3119" status="PASS">
          <reporter-output>
          </reporter-output>
        </test-method> <!-- setup -->
        <test-method signature="loginTest()[pri:0, instance:com.smokeTest.LoginTestExecution@7e7be63f]" started-at="2021-09-23T10:06:48 EDT" name="loginTest" finished-at="2021-09-23T10:06:52 EDT" duration-ms="3543" status="PASS">
          <reporter-output>
          </reporter-output>
        </test-method> <!-- loginTest -->
        <test-method is-config="true" signature="tearDown()[pri:0, instance:com.smokeTest.LoginTestExecution@7e7be63f]" started-at="2021-09-23T10:06:52 EDT" name="tearDown" finished-at="2021-09-23T10:06:53 EDT" duration-ms="863" status="PASS">
          <reporter-output>
          </reporter-output>
        </test-method> <!-- tearDown -->
      </class> <!-- com.smokeTest.LoginTestExecution -->
    </test> <!-- Default test -->
  </suite> <!-- Default suite -->
</testng-results>
