<?xml version="1.0" encoding="UTF-8"?>
<testng-results ignored="0" total="1" passed="1" failed="0" skipped="0">
  <reporter-output>
  </reporter-output>
  <suite started-at="2021-10-04T23:26:51 EDT" name="Suite" finished-at="2021-10-04T23:26:55 EDT" duration-ms="3570">
    <groups>
      <group name="cucumber">
        <method signature="AbstractTestNGCucumberTests.runScenario(io.cucumber.testng.PickleWrapper,io.cucumber.testng.FeatureWrapper)[pri:0, instance:com.httpMethods.cucumber.RunnerGetMethod@27f981c6]" name="runScenario" class="io.cucumber.testng.AbstractTestNGCucumberTests"/>
      </group> <!-- cucumber -->
    </groups>
    <test started-at="2021-10-04T23:26:51 EDT" name="Test" finished-at="2021-10-04T23:26:55 EDT" duration-ms="3570">
      <class name="com.httpMethods.cucumber.RunnerGetMethod">
        <test-method is-config="true" signature="setUpClass()[pri:0, instance:com.httpMethods.cucumber.RunnerGetMethod@27f981c6]" started-at="2021-10-04T23:26:51 EDT" name="setUpClass" finished-at="2021-10-04T23:26:52 EDT" duration-ms="264" status="PASS">
          <reporter-output>
          </reporter-output>
        </test-method> <!-- setUpClass -->
        <test-method signature="runScenario(io.cucumber.testng.PickleWrapper,io.cucumber.testng.FeatureWrapper)[pri:0, instance:com.httpMethods.cucumber.RunnerGetMethod@27f981c6]" started-at="2021-10-04T23:26:52 EDT" name="runScenario" description="Runs Cucumber Scenarios" data-provider="scenarios" finished-at="2021-10-04T23:26:53 EDT" duration-ms="1678" status="PASS">
          <params>
            <param index="0">
              <value>
                <![CDATA["As an API user, I'm trying to practice HTTP get method"]]>
              </value>
            </param>
            <param index="1">
              <value>
                <![CDATA["Optional[API Get method testing]"]]>
              </value>
            </param>
          </params>
          <reporter-output>
          </reporter-output>
        </test-method> <!-- runScenario -->
        <test-method is-config="true" signature="tearDownClass()[pri:0, instance:com.httpMethods.cucumber.RunnerGetMethod@27f981c6]" started-at="2021-10-04T23:26:53 EDT" name="tearDownClass" finished-at="2021-10-04T23:26:55 EDT" duration-ms="1599" status="PASS">
          <reporter-output>
          </reporter-output>
        </test-method> <!-- tearDownClass -->
      </class> <!-- com.httpMethods.cucumber.RunnerGetMethod -->
    </test> <!-- Test -->
  </suite> <!-- Suite -->
</testng-results>
